<?xml version="1.0" encoding="UTF-8"?>
<testsuite name="com.kodilla.stream.array.ArrayTestSuite" tests="1" skipped="0" failures="0" errors="0" timestamp="2020-03-18T19:07:38" hostname="DESKTOP-8PVPQ7D" time="0.022">
  <properties/>
  <testcase name="testGetAverage" classname="com.kodilla.stream.array.ArrayTestSuite" time="0.022"/>
  <system-out><![CDATA[123
345
555
456
235
897
]]></system-out>
  <system-err><![CDATA[]]></system-err>
</testsuite>
