<?xml version="1.0" encoding="UTF-8"?>
<testsuite name="com.kodilla.testing.library.BookDirectoryTestSuite" tests="1" skipped="0" failures="0" errors="0" timestamp="2020-03-24T20:33:44" hostname="DESKTOP-8PVPQ7D" time="0.091">
  <properties/>
  <testcase name="testWithLibraryUserWith5Books" classname="com.kodilla.testing.library.BookDirectoryTestSuite" time="0.091"/>
  <system-out><![CDATA[]]></system-out>
  <system-err><![CDATA[]]></system-err>
</testsuite>
