<?xml version="1.0" encoding="UTF-8"?>
<testsuite name="com.kodilla.testing.forum.ForumTestSuite2" tests="7" skipped="0" failures="0" errors="0" timestamp="2020-03-21T19:19:48" hostname="DESKTOP-8PVPQ7D" time="0.011">
  <properties/>
  <testcase name="testWithZeroPosts" classname="com.kodilla.testing.forum.ForumTestSuite2" time="0.008"/>
  <testcase name="testWithZeroUsers" classname="com.kodilla.testing.forum.ForumTestSuite2" time="0.0"/>
  <testcase name="testWithHundredUsers" classname="com.kodilla.testing.forum.ForumTestSuite2" time="0.0"/>
  <testcase name="testWithMoreCommentsThanPosts" classname="com.kodilla.testing.forum.ForumTestSuite2" time="0.0"/>
  <testcase name="testWithThousandPosts" classname="com.kodilla.testing.forum.ForumTestSuite2" time="0.0"/>
  <testcase name="testWithZeroComments" classname="com.kodilla.testing.forum.ForumTestSuite2" time="0.001"/>
  <testcase name="testWithLessCommentsThanPosts" classname="com.kodilla.testing.forum.ForumTestSuite2" time="0.0"/>
  <system-out><![CDATA[]]></system-out>
  <system-err><![CDATA[]]></system-err>
</testsuite>
