<?xml version="1.0" encoding="UTF-8"?>
<testsuite name="com.kodilla.testing.shape.ShapeCollectorTestSuite" tests="1" skipped="0" failures="0" errors="0" timestamp="2020-03-01T22:26:59" hostname="DESKTOP-8PVPQ7D" time="0.004">
  <properties/>
  <testcase name="testGetFigure" classname="com.kodilla.testing.shape.ShapeCollectorTestSuite" time="0.004"/>
  <system-out><![CDATA[Starting test
No error found
]]></system-out>
  <system-err><![CDATA[]]></system-err>
</testsuite>
